ğŸ” Scanning for pending insights...
âš™ï¸ Executing: ğŸ¤ Partner with healthtech distributors to resell all analytics modules.
ğŸ‘¤ Owner assigned to: 1f08cb35-3d2c-81d2-b4fd-e9a5222ed9aa
Traceback (most recent call last):
  File "/Users/Bianca/miniconda3/lib/python3.12/site-packages/notion_client/client.py", line 118, in _parse_response
    response.raise_for_status()
  File "/Users/Bianca/miniconda3/lib/python3.12/site-packages/httpx/_models.py", line 829, in raise_for_status
    raise HTTPStatusError(message, request=request, response=self)
httpx.HTTPStatusError: Client error '400 Bad Request' for url 'https://api.notion.com/v1/pages/1f08cb35-3d2c-81d2-b4fd-e9a5222ed9aa'
For more information check: https://developer.mozilla.org/en-US/docs/Web/HTTP/Status/400

During handling of the above exception, another exception occurred:

Traceback (most recent call last):
  File "/Users/Bianca/Downloads/HealthChainBot_Desktop/core/execution_agent.py", line 92, in <module>
    execute_all()
  File "/Users/Bianca/Downloads/HealthChainBot_Desktop/core/execution_agent.py", line 84, in execute_all
    assign_default_owner(insight_id)
  File "/Users/Bianca/Downloads/HealthChainBot_Desktop/core/execution_agent.py", line 40, in assign_default_owner
    notion.pages.update(
  File "/Users/Bianca/miniconda3/lib/python3.12/site-packages/notion_client/api_endpoints.py", line 232, in update
    return self.parent.request(
           ^^^^^^^^^^^^^^^^^^^^
  File "/Users/Bianca/miniconda3/lib/python3.12/site-packages/notion_client/client.py", line 194, in request
    return self._parse_response(response)
           ^^^^^^^^^^^^^^^^^^^^^^^^^^^^^^
  File "/Users/Bianca/miniconda3/lib/python3.12/site-packages/notion_client/client.py", line 126, in _parse_response
    raise APIResponseError(response, body["message"], code)
notion_client.errors.APIResponseError: ğŸ‘¥ Owner is not a property that exists.
ğŸ”„ Scanning for pending insights...
âš™ï¸ Executing: ğŸ“¦ Package HealthChainBotâ€™s validation + dashboard services for orthopedic clinics.
ğŸ‘¤ Owner assigned to: 1f08cb35-3d2c-8162-a46a-e989d442c22a
Traceback (most recent call last):
  File "/Users/Bianca/miniconda3/lib/python3.12/site-packages/notion_client/client.py", line 118, in _parse_response
    response.raise_for_status()
  File "/Users/Bianca/miniconda3/lib/python3.12/site-packages/httpx/_models.py", line 829, in raise_for_status
    raise HTTPStatusError(message, request=request, response=self)
httpx.HTTPStatusError: Client error '404 Not Found' for url 'https://api.notion.com/v1/pages/1f08cb35-3d2c-8162-a46a-e989d442c22a'
For more information check: https://developer.mozilla.org/en-US/docs/Web/HTTP/Status/404

During handling of the above exception, another exception occurred:

Traceback (most recent call last):
  File "/Users/Bianca/Downloads/HealthChainBot_Desktop/core/execution_agent.py", line 94, in <module>
    execute_all()
  File "/Users/Bianca/Downloads/HealthChainBot_Desktop/core/execution_agent.py", line 86, in execute_all
    assign_default_owner(insight_id)
  File "/Users/Bianca/Downloads/HealthChainBot_Desktop/core/execution_agent.py", line 41, in assign_default_owner
    notion.pages.update(
  File "/Users/Bianca/miniconda3/lib/python3.12/site-packages/notion_client/api_endpoints.py", line 232, in update
    return self.parent.request(
           ^^^^^^^^^^^^^^^^^^^^
  File "/Users/Bianca/miniconda3/lib/python3.12/site-packages/notion_client/client.py", line 194, in request
    return self._parse_response(response)
           ^^^^^^^^^^^^^^^^^^^^^^^^^^^^^^
  File "/Users/Bianca/miniconda3/lib/python3.12/site-packages/notion_client/client.py", line 126, in _parse_response
    raise APIResponseError(response, body["message"], code)
notion_client.errors.APIResponseError: Could not find user with ID: 7dc7ad7d-7d07-4fc7-a5a7-c5c9a1e0650a. Make sure your integration has capabilities to read user information. With those capabilities, only members and guests in the integration's workspace are visible.
ğŸ”„ Scanning for pending insights...
âš™ï¸ Executing: ğŸ¤ Partner with healthtech distributors to resell all analytics modules.
ğŸ‘¤ Owner assigned to: 1f18cb35-3d2c-8138-a46f-f5ff2c955508
âœ… Marked as complete: 1f18cb35-3d2c-8138-a46f-f5ff2c955508
âš™ï¸ Executing: ğŸ¥ Target ambulatory surgical centers with a bundled AI performance suite.
ğŸ‘¤ Owner assigned to: 1f18cb35-3d2c-81cf-9f00-d2c0a750e678
âœ… Marked as complete: 1f18cb35-3d2c-81cf-9f00-d2c0a750e678
âš™ï¸ Executing: ğŸ“¦ Package HealthChainBotâ€™s validation + dashboard services for orthopedic clinics.
ğŸ‘¤ Owner assigned to: 1f18cb35-3d2c-812f-b9ea-cf027d336383
âœ… Marked as complete: 1f18cb35-3d2c-812f-b9ea-cf027d336383
âš™ï¸ Executing: ğŸ“Š Build a monetization plan around AAOS RegistrySync integration.
ğŸ‘¤ Owner assigned to: 1f18cb35-3d2c-81e6-9541-fa71d53ef647
âœ… Marked as complete: 1f18cb35-3d2c-81e6-9541-fa71d53ef647
âš™ï¸ Executing: ğŸ¤ Partner with healthtech distributors to resell all analytics modules.
ğŸ‘¤ Owner assigned to: 1f18cb35-3d2c-8125-853b-c789124f5ec8
âœ… Marked as complete: 1f18cb35-3d2c-8125-853b-c789124f5ec8
âš™ï¸ Executing: ğŸ“Š Build a monetization plan around AAOS RegistrySync integration.
ğŸ‘¤ Owner assigned to: 1f18cb35-3d2c-81c6-b6d7-e4a4ce733e9a
âœ… Marked as complete: 1f18cb35-3d2c-81c6-b6d7-e4a4ce733e9a
âš™ï¸ Executing: ğŸ§  Monetize benchmarking data across markets with anonymized reporting.
ğŸ‘¤ Owner assigned to: 1f18cb35-3d2c-8190-87f7-ff310247e69d
âœ… Marked as complete: 1f18cb35-3d2c-8190-87f7-ff310247e69d
âš™ï¸ Executing: ğŸ“¦ Package HealthChainBotâ€™s validation + dashboard services for orthopedic clinics.
ğŸ‘¤ Owner assigned to: 1f08cb35-3d2c-81ab-bd3a-cc5bd987cc8d
âœ… Marked as complete: 1f08cb35-3d2c-81ab-bd3a-cc5bd987cc8d
âš™ï¸ Executing: ğŸ“ˆ Offer payers predictive dashboard services via annual subscriptions.
ğŸ‘¤ Owner assigned to: 1f08cb35-3d2c-817f-ad03-f1bacceade8a
âœ… Marked as complete: 1f08cb35-3d2c-817f-ad03-f1bacceade8a
âš™ï¸ Executing: ğŸ’° Introduce tiered pricing models for HealthChainBot services based on data volume.
ğŸ‘¤ Owner assigned to: 1f08cb35-3d2c-81cb-97e4-c391315df9fa
âœ… Marked as complete: 1f08cb35-3d2c-81cb-97e4-c391315df9fa
âš™ï¸ Executing: ğŸ“Š Build a monetization plan around AAOS RegistrySync integration.
ğŸ‘¤ Owner assigned to: 1f08cb35-3d2c-81cf-962c-de0a3be9f6e7
âœ… Marked as complete: 1f08cb35-3d2c-81cf-962c-de0a3be9f6e7
âš™ï¸ Executing: ğŸ¤ Partner with healthtech distributors to resell all analytics modules.
ğŸ‘¤ Owner assigned to: 1f08cb35-3d2c-812d-8b93-f03fa048f3d0
âœ… Marked as complete: 1f08cb35-3d2c-812d-8b93-f03fa048f3d0
âš™ï¸ Executing: ğŸ“ˆ Offer payers predictive dashboard services via annual subscriptions.
ğŸ‘¤ Owner assigned to: 1f08cb35-3d2c-81d2-951a-e515b7a30d54
âœ… Marked as complete: 1f08cb35-3d2c-81d2-951a-e515b7a30d54
âš™ï¸ Executing: ğŸ“¦ Package HealthChainBotâ€™s validation + dashboard services for orthopedic clinics.
ğŸ‘¤ Owner assigned to: 1f08cb35-3d2c-8155-829c-d04949092d87
âœ… Marked as complete: 1f08cb35-3d2c-8155-829c-d04949092d87
âš™ï¸ Executing: ğŸ¤ Partner with healthtech distributors to resell all analytics modules.
ğŸ‘¤ Owner assigned to: 1f08cb35-3d2c-819e-bdc1-e2aeb980b34f
âœ… Marked as complete: 1f08cb35-3d2c-819e-bdc1-e2aeb980b34f
âš™ï¸ Executing: ğŸ“Š Build a monetization plan around AAOS RegistrySync integration.
ğŸ‘¤ Owner assigned to: 1f08cb35-3d2c-8199-b367-e353128c8d16
âœ… Marked as complete: 1f08cb35-3d2c-8199-b367-e353128c8d16
âš™ï¸ Executing: ğŸ§  Monetize benchmarking data across markets with anonymized reporting.
ğŸ‘¤ Owner assigned to: 1f08cb35-3d2c-8130-bd55-d10aa53c6e54
âœ… Marked as complete: 1f08cb35-3d2c-8130-bd55-d10aa53c6e54
âš™ï¸ Executing: ğŸ“¦ Package HealthChainBotâ€™s validation + dashboard services for orthopedic clinics.
ğŸ‘¤ Owner assigned to: 1f08cb35-3d2c-81bc-9674-f5e39135589d
âœ… Marked as complete: 1f08cb35-3d2c-81bc-9674-f5e39135589d
âš™ï¸ Executing: ğŸ¤ Partner with healthtech distributors to resell all analytics modules.
ğŸ‘¤ Owner assigned to: 1f08cb35-3d2c-815f-944c-f202ce2b108d
âœ… Marked as complete: 1f08cb35-3d2c-815f-944c-f202ce2b108d
âš™ï¸ Executing: ğŸ¤ Partner with healthtech distributors to resell all analytics modules.
ğŸ‘¤ Owner assigned to: 1f08cb35-3d2c-81a2-a9d2-f721a6ed0c1a
âœ… Marked as complete: 1f08cb35-3d2c-81a2-a9d2-f721a6ed0c1a
âš™ï¸ Executing: ğŸ“Š Build a monetization plan around AAOS RegistrySync integration.
ğŸ‘¤ Owner assigned to: 1f08cb35-3d2c-813f-a274-d01502024e7e
âœ… Marked as complete: 1f08cb35-3d2c-813f-a274-d01502024e7e
âš™ï¸ Executing: ğŸ§  Monetize benchmarking data across markets with anonymized reporting.
ğŸ‘¤ Owner assigned to: 1f08cb35-3d2c-819e-911b-db4fea32d45f
âœ… Marked as complete: 1f08cb35-3d2c-819e-911b-db4fea32d45f
âš™ï¸ Executing: ğŸ“Š Build a monetization plan around AAOS RegistrySync integration.
ğŸ‘¤ Owner assigned to: 1f08cb35-3d2c-81cc-9f97-c343e442d853
âœ… Marked as complete: 1f08cb35-3d2c-81cc-9f97-c343e442d853
âš™ï¸ Executing: ğŸ“ˆ Offer payers predictive dashboard services via annual subscriptions.
ğŸ‘¤ Owner assigned to: 1f08cb35-3d2c-8142-910f-caeb95d70e98
âœ… Marked as complete: 1f08cb35-3d2c-8142-910f-caeb95d70e98
âš™ï¸ Executing: ğŸ§  Monetize benchmarking data across markets with anonymized reporting.
ğŸ‘¤ Owner assigned to: 1f08cb35-3d2c-812c-80cf-ed3654d698de
âœ… Marked as complete: 1f08cb35-3d2c-812c-80cf-ed3654d698de
âš™ï¸ Executing: ğŸ§  Monetize benchmarking data across markets with anonymized reporting.
ğŸ‘¤ Owner assigned to: 1f08cb35-3d2c-8135-b968-de590e8faf32
âœ… Marked as complete: 1f08cb35-3d2c-8135-b968-de590e8faf32
âš™ï¸ Executing: ğŸ“ˆ Offer payers predictive dashboard services via annual subscriptions.
ğŸ‘¤ Owner assigned to: 1f08cb35-3d2c-8199-9a98-ecff3fcc904a
âœ… Marked as complete: 1f08cb35-3d2c-8199-9a98-ecff3fcc904a
âš™ï¸ Executing: ğŸ¤ Partner with healthtech distributors to resell all analytics modules.
ğŸ‘¤ Owner assigned to: 1f08cb35-3d2c-815c-9fed-ffc70c8f0999
ğŸš© Flag added to: 1f08cb35-3d2c-815c-9fed-ffc70c8f0999
âœ… Marked as complete: 1f08cb35-3d2c-815c-9fed-ffc70c8f0999
âš™ï¸ Executing: ğŸ§  Monetize benchmarking data across markets with anonymized reporting.
ğŸ‘¤ Owner assigned to: 1f08cb35-3d2c-81ea-8a44-d659c430b16c
ğŸš© Flag added to: 1f08cb35-3d2c-81ea-8a44-d659c430b16c
âœ… Marked as complete: 1f08cb35-3d2c-81ea-8a44-d659c430b16c
âš™ï¸ Executing: ğŸ¥ Target ambulatory surgical centers with a bundled AI performance suite.
ğŸ‘¤ Owner assigned to: 1f08cb35-3d2c-8121-b0ab-d9717046770f
ğŸš© Flag added to: 1f08cb35-3d2c-8121-b0ab-d9717046770f
âœ… Marked as complete: 1f08cb35-3d2c-8121-b0ab-d9717046770f
âš™ï¸ Executing: ğŸ§  Monetize benchmarking data across markets with anonymized reporting.
ğŸ‘¤ Owner assigned to: 1f08cb35-3d2c-81ce-bc3f-c038b86719fb
ğŸš© Flag added to: 1f08cb35-3d2c-81ce-bc3f-c038b86719fb
âœ… Marked as complete: 1f08cb35-3d2c-81ce-bc3f-c038b86719fb
ğŸ”„ Scanning for pending insights...
âš™ï¸ Executing: ğŸ’° Introduce tiered pricing models for HealthChainBot services based on data volume.
ğŸ‘¤ Owner assigned to: 1f18cb35-3d2c-815a-ade7-fe79d8406ba3
âœ… Marked as complete: 1f18cb35-3d2c-815a-ade7-fe79d8406ba3
âš™ï¸ Executing: ğŸ¤ Partner with healthtech distributors to resell all analytics modules.
ğŸ‘¤ Owner assigned to: 1f18cb35-3d2c-8170-ab64-e6d28d884a7b
âœ… Marked as complete: 1f18cb35-3d2c-8170-ab64-e6d28d884a7b
âš™ï¸ Executing: ğŸ“ˆ Offer payers predictive dashboard services via annual subscriptions.
ğŸ‘¤ Owner assigned to: 1f18cb35-3d2c-81b2-8bed-cd91432917ec
âœ… Marked as complete: 1f18cb35-3d2c-81b2-8bed-cd91432917ec
ğŸ”„ Scanning for pending insights...
ğŸ”„ Scanning for pending insights...
âš™ï¸ Executing: ğŸ§  Partner with academic R&D centers to co-develop precision outcome models.
ğŸ‘¤ Owner assigned to: 1f18cb35-3d2c-8126-b3dc-cb63ae962361
âœ… Marked as complete: 1f18cb35-3d2c-8126-b3dc-cb63ae962361
âš™ï¸ Executing: ğŸ§  Partner with academic R&D centers to co-develop precision outcome models.
ğŸ‘¤ Owner assigned to: 1f18cb35-3d2c-8173-ab7f-f26832930164
âœ… Marked as complete: 1f18cb35-3d2c-8173-ab7f-f26832930164
âš™ï¸ Executing: ğŸ§  Partner with academic R&D centers to co-develop precision outcome models.
ğŸ‘¤ Owner assigned to: 1f18cb35-3d2c-8131-b2f4-e1c4305e2b58
âœ… Marked as complete: 1f18cb35-3d2c-8131-b2f4-e1c4305e2b58
ğŸ”„ Scanning for pending insights...
âš™ï¸ Executing: ğŸ”¬ Introduce AI-driven benchmarking and optimization modules for surgical pathways.
ğŸ‘¤ Owner assigned to: 1f18cb35-3d2c-8100-a95b-c136538eee78
âœ… Marked as complete: 1f18cb35-3d2c-8100-a95b-c136538eee78
âš™ï¸ Executing: ğŸ“ˆ Improve payer mix through direct-to-employer and bundled contract models.
ğŸ‘¤ Owner assigned to: 1f18cb35-3d2c-8128-ad4a-f3ac235fb0ba
âœ… Marked as complete: 1f18cb35-3d2c-8128-ad4a-f3ac235fb0ba
âš™ï¸ Executing: ğŸ’¼ Launch targeted campaigns for orthopedic clinics based on regional outcome benchmarks.
ğŸ‘¤ Owner assigned to: 1f18cb35-3d2c-81c1-9002-f7b89d97069c
âœ… Marked as complete: 1f18cb35-3d2c-81c1-9002-f7b89d97069c
ğŸ”„ Scanning for pending insights...
âš™ï¸ Executing: ğŸ’¼ Launch targeted campaigns for orthopedic clinics based on regional outcome benchmarks.
ğŸ‘¤ Owner assigned to: 1f18cb35-3d2c-8120-ac5a-d22a4b2c3cdd
âœ… Marked as complete: 1f18cb35-3d2c-8120-ac5a-d22a4b2c3cdd
ğŸ”„ Scanning for pending insights...
ğŸ”„ Scanning for pending insights...
ğŸ”„ Scanning for pending insights...
ğŸ”„ Scanning for pending insights...
ğŸ”„ Scanning for pending insights...
ğŸ”„ Scanning for pending insights...
âš™ï¸ Executing: ğŸ§  Monitor orthopedic volume market share by payor and subspecialty.
ğŸ‘¤ Owner assigned to: 1f18cb35-3d2c-813b-befa-c02904ac5e62
âœ… Marked as complete: 1f18cb35-3d2c-813b-befa-c02904ac5e62
ğŸ”„ Scanning for pending insights...
ğŸ”„ Scanning for pending insights...
ğŸ”„ Scanning for pending insights...
ğŸ”„ Scanning for pending insights...
ğŸ”„ Scanning for pending insights...
ğŸ”„ Scanning for pending insights...
âš™ï¸ Executing: ğŸ“Š Validate healthtech BD accuracy through clinical trials.
ğŸ‘¤ Owner assigned to: 1f18cb35-3d2c-810f-a2d6-d911f8a4bd9f
âœ… Marked as complete: 1f18cb35-3d2c-810f-a2d6-d911f8a4bd9f
ğŸ”„ Scanning for pending insights...
ğŸ”„ Scanning for pending insights...
ğŸ”„ Scanning for pending insights...
ğŸ”„ Scanning for pending insights...
ğŸ”„ Scanning for pending insights...
âš™ï¸ Executing: ğŸ“ˆ Track patient acquisition growth across ASC vs HOPD site models.
ğŸ‘¤ Owner assigned to: 1f18cb35-3d2c-81fd-93c4-c3e18dcdc725
âœ… Marked as complete: 1f18cb35-3d2c-81fd-93c4-c3e18dcdc725
ğŸ”„ Scanning for pending insights...
ğŸ”„ Scanning for pending insights...
ğŸ”„ Scanning for pending insights...
ğŸ”„ Scanning for pending insights...
ğŸ”„ Scanning for pending insights...
âš™ï¸ Executing: ğŸ§  Partner with academic R&D centers to co-develop precision outcome models.
ğŸ‘¤ Owner assigned to: 1f28cb35-3d2c-81a9-b007-e2dd8362250e
âœ… Marked as complete: 1f28cb35-3d2c-81a9-b007-e2dd8362250e
ğŸ”„ Scanning for pending insights...
ğŸ”„ Scanning for pending insights...
ğŸ”„ Scanning for pending insights...
ğŸ”„ Scanning for pending insights...
ğŸ”„ Scanning for pending insights...
ğŸ”„ Scanning for pending insights...
ğŸ”„ Scanning for pending insights...
ğŸ”„ Scanning for pending insights...
ğŸ”„ Scanning for pending insights...
ğŸ”„ Scanning for pending insights...
ğŸ”„ Scanning for pending insights...
ğŸ”„ Scanning for pending insights...
ğŸ”„ Scanning for pending insights...
âš™ï¸ Executing: ğŸ’¼ Launch targeted campaigns for orthopedic clinics based on regional outcome benchmarks.
ğŸ‘¤ Owner assigned to: 1f28cb35-3d2c-8116-b1c3-e9418646ceaa
âœ… Marked as complete: 1f28cb35-3d2c-8116-b1c3-e9418646ceaa
ğŸ”„ Scanning for pending insights...
ğŸ”„ Scanning for pending insights...
ğŸ”„ Scanning for pending insights...
ğŸ”„ Scanning for pending insights...
ğŸ”„ Scanning for pending insights...
ğŸ”„ Scanning for pending insights...
ğŸ”„ Scanning for pending insights...
ğŸ”„ Scanning for pending insights...
ğŸ”„ Scanning for pending insights...
ğŸ”„ Scanning for pending insights...
ğŸ”„ Scanning for pending insights...
âš™ï¸ Executing: ğŸ§  Partner with academic R&D centers to co-develop precision outcome models.
ğŸ‘¤ Owner assigned to: 1f38cb35-3d2c-81e6-9b78-c55df9aee4c7
âœ… Marked as complete: 1f38cb35-3d2c-81e6-9b78-c55df9aee4c7
ğŸ”„ Scanning for pending insights...
ğŸ”„ Scanning for pending insights...
ğŸ”„ Scanning for pending insights...
ğŸ”„ Scanning for pending insights...
ğŸ”„ Scanning for pending insights...
ğŸ”„ Scanning for pending insights...
ğŸ”„ Scanning for pending insights...
âš™ï¸ Executing: ğŸ§  Monitor orthopedic volume market share by payor and subspecialty.
ğŸ‘¤ Owner assigned to: 1f38cb35-3d2c-81c5-98e4-e4f7fa1b0edc
âœ… Marked as complete: 1f38cb35-3d2c-81c5-98e4-e4f7fa1b0edc
ğŸ”„ Scanning for pending insights...
ğŸ”„ Scanning for pending insights...
ğŸ”„ Scanning for pending insights...
ğŸ”„ Scanning for pending insights...
ğŸ”„ Scanning for pending insights...
ğŸ”„ Scanning for pending insights...
ğŸ”„ Scanning for pending insights...
ğŸ”„ Scanning for pending insights...
ğŸ”„ Scanning for pending insights...
ğŸ”„ Scanning for pending insights...
ğŸ”„ Scanning for pending insights...
ğŸ”„ Scanning for pending insights...
ğŸ”„ Scanning for pending insights...
ğŸ”„ Scanning for pending insights...
ğŸ”„ Scanning for pending insights...
ğŸ”„ Scanning for pending insights...
ğŸ”„ Scanning for pending insights...
âš™ï¸ Executing: ğŸ§  Partner with academic R&D centers to co-develop precision outcome models.
ğŸ‘¤ Owner assigned to: 1f48cb35-3d2c-8150-863d-ccf37da4fcfc
âœ… Marked as complete: 1f48cb35-3d2c-8150-863d-ccf37da4fcfc
ğŸ”„ Scanning for pending insights...
âš™ï¸ Executing: ğŸ“Š Validate healthtech BD accuracy through clinical trials.
ğŸ‘¤ Owner assigned to: 1f48cb35-3d2c-81c4-aa7a-fc1fd461a2e5
âœ… Marked as complete: 1f48cb35-3d2c-81c4-aa7a-fc1fd461a2e5
ğŸ”„ Scanning for pending insights...
ğŸ”„ Scanning for pending insights...
ğŸ”„ Scanning for pending insights...
ğŸ”„ Scanning for pending insights...
ğŸ”„ Scanning for pending insights...
ğŸ”„ Scanning for pending insights...
ğŸ”„ Scanning for pending insights...
ğŸ”„ Scanning for pending insights...
ğŸ”„ Scanning for pending insights...
ğŸ”„ Scanning for pending insights...
ğŸ”„ Scanning for pending insights...
ğŸ”„ Scanning for pending insights...
âš™ï¸ Executing: ğŸ’¼ Launch targeted campaigns for orthopedic clinics based on regional outcome benchmarks.
ğŸ‘¤ Owner assigned to: 1f48cb35-3d2c-8124-a47a-df330205da19
âœ… Marked as complete: 1f48cb35-3d2c-8124-a47a-df330205da19
ğŸ”„ Scanning for pending insights...
ğŸ”„ Scanning for pending insights...
ğŸ”„ Scanning for pending insights...
ğŸ”„ Scanning for pending insights...
ğŸ”„ Scanning for pending insights...
ğŸ”„ Scanning for pending insights...
ğŸ”„ Scanning for pending insights...
ğŸ”„ Scanning for pending insights...
ğŸ”„ Scanning for pending insights...
ğŸ”„ Scanning for pending insights...
ğŸ”„ Scanning for pending insights...
ğŸ”„ Scanning for pending insights...
ğŸ”„ Scanning for pending insights...
ğŸ”„ Scanning for pending insights...
ğŸ”„ Scanning for pending insights...
ğŸ”„ Scanning for pending insights...
ğŸ”„ Scanning for pending insights...
ğŸ”„ Scanning for pending insights...
ğŸ”„ Scanning for pending insights...
ğŸ”„ Scanning for pending insights...
ğŸ”„ Scanning for pending insights...
ğŸ”„ Scanning for pending insights...
ğŸ”„ Scanning for pending insights...
ğŸ”„ Scanning for pending insights...
ğŸ”„ Scanning for pending insights...
ğŸ”„ Scanning for pending insights...
ğŸ”„ Scanning for pending insights...
ğŸ”„ Scanning for pending insights...
ğŸ”„ Scanning for pending insights...
ğŸ”„ Scanning for pending insights...
ğŸ”„ Scanning for pending insights...
ğŸ”„ Scanning for pending insights...
Traceback (most recent call last):
  File "/Users/Bianca/miniconda3/lib/python3.12/site-packages/notion_client/client.py", line 118, in _parse_response
    response.raise_for_status()
  File "/Users/Bianca/miniconda3/lib/python3.12/site-packages/httpx/_models.py", line 829, in raise_for_status
    raise HTTPStatusError(message, request=request, response=self)
httpx.HTTPStatusError: Client error '400 Bad Request' for url 'https://api.notion.com/v1/pages'
For more information check: https://developer.mozilla.org/en-US/docs/Web/HTTP/Status/400

During handling of the above exception, another exception occurred:

Traceback (most recent call last):
  File "/Users/Bianca/Downloads/HealthChainBot_Desktop/core/execution_agent.py", line 74, in <module>
    log_execution_task("MarketIntel", "Generated summary for Sintra.ai and LeanAI")
  File "/Users/Bianca/Downloads/HealthChainBot_Desktop/core/execution_agent.py", line 41, in log_execution_task
    response = notion.pages.create(
               ^^^^^^^^^^^^^^^^^^^^
  File "/Users/Bianca/miniconda3/lib/python3.12/site-packages/notion_client/api_endpoints.py", line 208, in create
    return self.parent.request(
           ^^^^^^^^^^^^^^^^^^^^
  File "/Users/Bianca/miniconda3/lib/python3.12/site-packages/notion_client/client.py", line 194, in request
    return self._parse_response(response)
           ^^^^^^^^^^^^^^^^^^^^^^^^^^^^^^
  File "/Users/Bianca/miniconda3/lib/python3.12/site-packages/notion_client/client.py", line 126, in _parse_response
    raise APIResponseError(response, body["message"], code)
notion_client.errors.APIResponseError: ğŸ§  Insight Summary is not a property that exists.
âœ… Execution task from MarketIntel logged.
âœ… Execution task from MarketIntel logged.
âœ… Execution task from MarketIntel logged.
âœ… Execution task from MarketIntel logged.
âœ… Execution task from MarketIntel logged.
âœ… Execution task from MarketIntel logged.
âœ… Execution task from MarketIntel logged.
âœ… Execution task from MarketIntel logged.
âœ… Execution task from MarketIntel logged.
âœ… Execution task from MarketIntel logged.
âœ… Execution task from MarketIntel logged.
âœ… Execution task from MarketIntel logged.
âœ… Execution task from MarketIntel logged.
âœ… Execution task from MarketIntel logged.
âœ… Execution task from MarketIntel logged.
âœ… Execution task from MarketIntel logged.
âœ… Execution task from MarketIntel logged.
âœ… Execution task from MarketIntel logged.
âœ… Execution task from MarketIntel logged.
âœ… Execution task from MarketIntel logged.
âœ… Execution task from MarketIntel logged.
âœ… Execution task from MarketIntel logged.
âœ… Execution task from MarketIntel logged.
âœ… Execution task from MarketIntel logged.
âœ… Execution task from MarketIntel logged.
âœ… Execution task from MarketIntel logged.
âœ… Execution task from MarketIntel logged.
âœ… Execution task from MarketIntel logged.
âœ… Execution task from MarketIntel logged.
âœ… Execution task from MarketIntel logged.
âœ… Execution task from MarketIntel logged.
âœ… Execution task from MarketIntel logged.
âœ… Execution task from MarketIntel logged.
âœ… Execution task from MarketIntel logged.
âœ… Execution task from MarketIntel logged.
âœ… Execution task from MarketIntel logged.
âœ… Execution task from MarketIntel logged.
âœ… Execution task from MarketIntel logged.
âœ… Execution task from MarketIntel logged.
âœ… Execution task from MarketIntel logged.
âœ… Execution task from MarketIntel logged.
âœ… Execution task from MarketIntel logged.
âœ… Execution task from MarketIntel logged.
âœ… Execution task from MarketIntel logged.
âœ… Execution task from MarketIntel logged.
âœ… Execution task from MarketIntel logged.
âœ… Execution task from MarketIntel logged.
âœ… Execution task from MarketIntel logged.
âœ… Execution task from MarketIntel logged.
âœ… Execution task from MarketIntel logged.
âœ… Execution task from MarketIntel logged.
âœ… Execution task from MarketIntel logged.
âœ… Execution task from MarketIntel logged.
âœ… Execution task from MarketIntel logged.
âœ… Execution task from MarketIntel logged.
âœ… Execution task from MarketIntel logged.
âœ… Execution task from MarketIntel logged.
âœ… Execution task from MarketIntel logged.
âœ… Execution task from MarketIntel logged.
âœ… Execution task from MarketIntel logged.
âœ… Execution task from MarketIntel logged.
âœ… Execution task from MarketIntel logged.
âœ… Execution task from MarketIntel logged.
âœ… Execution task from MarketIntel logged.
âœ… Execution task from MarketIntel logged.
âœ… Execution task from MarketIntel logged.
âœ… Execution task from MarketIntel logged.
âœ… Execution task from MarketIntel logged.
âœ… Execution task from MarketIntel logged.
âœ… Execution task from MarketIntel logged.
âœ… Execution task from MarketIntel logged.
âœ… Execution task from MarketIntel logged.
âœ… Execution task from MarketIntel logged.
âœ… Execution task from MarketIntel logged.
âœ… Execution task from MarketIntel logged.
âœ… Execution task from MarketIntel logged.
âœ… Execution task from MarketIntel logged.
âœ… Execution task from MarketIntel logged.
âœ… Execution task from MarketIntel logged.
âœ… Execution task from MarketIntel logged.
âœ… Execution task from MarketIntel logged.
âœ… Execution task from MarketIntel logged.
âœ… Execution task from MarketIntel logged.
âœ… Execution task from MarketIntel logged.
âœ… Execution task from MarketIntel logged.
âœ… Execution task from MarketIntel logged.
âœ… Execution task from MarketIntel logged.
âœ… Execution task from MarketIntel logged.
âœ… Execution task from MarketIntel logged.
âœ… Execution task from MarketIntel logged.
âœ… Execution task from MarketIntel logged.
âœ… Execution task from MarketIntel logged.
âœ… Execution task from MarketIntel logged.
âœ… Execution task from MarketIntel logged.
âœ… Execution task from MarketIntel logged.
âœ… Execution task from MarketIntel logged.
âœ… Execution task from MarketIntel logged.
âœ… Execution task from MarketIntel logged.
âœ… Execution task from MarketIntel logged.
âœ… Execution task from MarketIntel logged.
âœ… Execution task from MarketIntel logged.
âœ… Execution task from MarketIntel logged.
âœ… Execution task from MarketIntel logged.
âœ… Execution task from MarketIntel logged.
âœ… Execution task from MarketIntel logged.
âœ… Execution task from MarketIntel logged.
âœ… Execution task from MarketIntel logged.
âœ… Execution task from MarketIntel logged.
âœ… Execution task from MarketIntel logged.
âœ… Execution task from MarketIntel logged.
âœ… Execution task from MarketIntel logged.
âœ… Execution task from MarketIntel logged.
âœ… Execution task from MarketIntel logged.
âœ… Execution task from MarketIntel logged.
âœ… Execution task from MarketIntel logged.
âœ… Execution task from MarketIntel logged.
âœ… Execution task from MarketIntel logged.
âœ… Execution task from MarketIntel logged.
âœ… Execution task from MarketIntel logged.
âœ… Execution task from MarketIntel logged.
âœ… Execution task from MarketIntel logged.
âœ… Execution task from MarketIntel logged.
âœ… Execution task from MarketIntel logged.
âœ… Execution task from MarketIntel logged.
âœ… Execution task from MarketIntel logged.
âœ… Execution task from MarketIntel logged.
âœ… Execution task from MarketIntel logged.
âœ… Execution task from MarketIntel logged.
âœ… Execution task from MarketIntel logged.
âœ… Execution task from MarketIntel logged.
âœ… Execution task from MarketIntel logged.
âœ… Execution task from MarketIntel logged.
âœ… Execution task from MarketIntel logged.
âœ… Execution task from MarketIntel logged.
âœ… Execution task from MarketIntel logged.
âœ… Execution task from MarketIntel logged.
âœ… Execution task from MarketIntel logged.
âœ… Execution task from MarketIntel logged.
âœ… Execution task from MarketIntel logged.
âœ… Execution task from MarketIntel logged.
âœ… Execution task from MarketIntel logged.
âœ… Execution task from MarketIntel logged.
âœ… Execution task from MarketIntel logged.
âœ… Execution task from MarketIntel logged.
âœ… Execution task from MarketIntel logged.
âœ… Execution task from MarketIntel logged.
âœ… Execution task from MarketIntel logged.
âœ… Execution task from MarketIntel logged.
âœ… Execution task from MarketIntel logged.
âœ… Execution task from MarketIntel logged.
âœ… Execution task from MarketIntel logged.
âœ… Execution task from MarketIntel logged.
âœ… Execution task from MarketIntel logged.
âœ… Execution task from MarketIntel logged.
âœ… Execution task from MarketIntel logged.
âœ… Execution task from MarketIntel logged.
âœ… Execution task from MarketIntel logged.
âœ… Execution task from MarketIntel logged.
âœ… Execution task from MarketIntel logged.
âœ… Execution task from MarketIntel logged.
âœ… Execution task from MarketIntel logged.
âœ… Execution task from MarketIntel logged.
âœ… Execution task from MarketIntel logged.
âœ… Execution task from MarketIntel logged.
âœ… Execution task from MarketIntel logged.
âœ… Execution task from MarketIntel logged.
âœ… Execution task from MarketIntel logged.
âœ… Execution task from MarketIntel logged.
âœ… Execution task from MarketIntel logged.
âœ… Execution task from MarketIntel logged.
âœ… Execution task from MarketIntel logged.
âœ… Execution task from MarketIntel logged.
âœ… Execution task from MarketIntel logged.
âœ… Execution task from MarketIntel logged.
âœ… Execution task from MarketIntel logged.
âœ… Execution task from MarketIntel logged.
âœ… Execution task from MarketIntel logged.
âœ… Execution task from MarketIntel logged.
âœ… Execution task from MarketIntel logged.
âœ… Execution task from MarketIntel logged.
âœ… Execution task from MarketIntel logged.
âœ… Execution task from MarketIntel logged.
âœ… Execution task from MarketIntel logged.
âœ… Execution task from MarketIntel logged.
âœ… Execution task from MarketIntel logged.
âœ… Execution task from MarketIntel logged.
âœ… Execution task from MarketIntel logged.
âœ… Execution task from MarketIntel logged.
âœ… Execution task from MarketIntel logged.
âœ… Execution task from MarketIntel logged.
âœ… Execution task from MarketIntel logged.
âœ… Execution task from MarketIntel logged.
âœ… Execution task from MarketIntel logged.
âœ… Execution task from MarketIntel logged.
âœ… Execution task from MarketIntel logged.
âœ… Execution task from MarketIntel logged.
âœ… Execution task from MarketIntel logged.
âœ… Execution task from MarketIntel logged.
âœ… Execution task from MarketIntel logged.
âœ… Execution task from MarketIntel logged.
âœ… Execution task from MarketIntel logged.
âœ… Execution task from MarketIntel logged.
âœ… Execution task from MarketIntel logged.
âœ… Execution task from MarketIntel logged.
âœ… Execution task from MarketIntel logged.
âœ… Execution task from MarketIntel logged.
âœ… Execution task from MarketIntel logged.
âœ… Execution task from MarketIntel logged.
âœ… Execution task from MarketIntel logged.
âœ… Execution task from MarketIntel logged.
âœ… Execution task from MarketIntel logged.
âœ… Execution task from MarketIntel logged.
âœ… Execution task from MarketIntel logged.
âœ… Execution task from MarketIntel logged.
âœ… Execution task from MarketIntel logged.
âœ… Execution task from MarketIntel logged.
âœ… Execution task from MarketIntel logged.
âœ… Execution task from MarketIntel logged.
âœ… Execution task from MarketIntel logged.
âœ… Execution task from MarketIntel logged.
âœ… Execution task from MarketIntel logged.
âœ… Execution task from MarketIntel logged.
âœ… Execution task from MarketIntel logged.
âœ… Execution task from MarketIntel logged.
âœ… Execution task from MarketIntel logged.
âœ… Execution task from MarketIntel logged.
âœ… Execution task from MarketIntel logged.
âœ… Execution task from MarketIntel logged.
âœ… Execution task from MarketIntel logged.
âœ… Execution task from MarketIntel logged.
âœ… Execution task from MarketIntel logged.
âœ… Execution task from MarketIntel logged.
âœ… Execution task from MarketIntel logged.
âœ… Execution task from MarketIntel logged.
âœ… Execution task from MarketIntel logged.
âœ… Execution task from MarketIntel logged.
âœ… Execution task from MarketIntel logged.
âœ… Execution task from MarketIntel logged.
âœ… Execution task from MarketIntel logged.
âœ… Execution task from MarketIntel logged.
âœ… Execution task from MarketIntel logged.
âœ… Execution task from MarketIntel logged.
âœ… Execution task from MarketIntel logged.
âœ… Execution task from MarketIntel logged.
âœ… Execution task from MarketIntel logged.
âœ… Execution task from MarketIntel logged.
âœ… Execution task from MarketIntel logged.
âœ… Execution task from MarketIntel logged.
âœ… Execution task from MarketIntel logged.
âœ… Execution task from MarketIntel logged.
âœ… Execution task from MarketIntel logged.
âœ… Execution task from MarketIntel logged.
âœ… Execution task from MarketIntel logged.
âœ… Execution task from MarketIntel logged.
âœ… Execution task from MarketIntel logged.
âœ… Execution task from MarketIntel logged.
âœ… Execution task from MarketIntel logged.
âœ… Execution task from MarketIntel logged.
âœ… Execution task from MarketIntel logged.
âœ… Execution task from MarketIntel logged.
âœ… Execution task from MarketIntel logged.
âœ… Execution task from MarketIntel logged.
âœ… Execution task from MarketIntel logged.
âœ… Execution task from MarketIntel logged.
âœ… Execution task from MarketIntel logged.
âœ… Execution task from MarketIntel logged.
âœ… Execution task from MarketIntel logged.
âœ… Execution task from MarketIntel logged.
âœ… Execution task from MarketIntel logged.
âœ… Execution task from MarketIntel logged.
âœ… Execution task from MarketIntel logged.
âœ… Execution task from MarketIntel logged.
âœ… Execution task from MarketIntel logged.
âœ… Execution task from MarketIntel logged.
âœ… Execution task from MarketIntel logged.
âœ… Execution task from MarketIntel logged.
âœ… Execution task from MarketIntel logged.
âœ… Execution task from MarketIntel logged.
âœ… Execution task from MarketIntel logged.
âœ… Execution task from MarketIntel logged.
âœ… Execution task from MarketIntel logged.
âœ… Execution task from MarketIntel logged.
âœ… Execution task from MarketIntel logged.
âœ… Execution task from MarketIntel logged.
âœ… Execution task from MarketIntel logged.
âœ… Execution task from MarketIntel logged.
âœ… Execution task from MarketIntel logged.
âœ… Execution task from MarketIntel logged.
âœ… Execution task from MarketIntel logged.
âœ… Execution task from MarketIntel logged.
âœ… Execution task from MarketIntel logged.
âœ… Execution task from MarketIntel logged.
âœ… Execution task from MarketIntel logged.
âœ… Execution task from MarketIntel logged.
âœ… Execution task from MarketIntel logged.
âœ… Execution task from MarketIntel logged.
âœ… Execution task from MarketIntel logged.
âœ… Execution task from MarketIntel logged.
âœ… Execution task from MarketIntel logged.
âœ… Execution task from MarketIntel logged.
âœ… Execution task from MarketIntel logged.
âœ… Execution task from MarketIntel logged.
âœ… Execution task from MarketIntel logged.
âœ… Execution task from MarketIntel logged.
âœ… Execution task from MarketIntel logged.
âœ… Execution task from MarketIntel logged.
âœ… Execution task from MarketIntel logged.
âœ… Execution task from MarketIntel logged.
âœ… Execution task from MarketIntel logged.
âœ… Execution task from MarketIntel logged.
âœ… Execution task from MarketIntel logged.
âœ… Execution task from MarketIntel logged.
âœ… Execution task from MarketIntel logged.
âœ… Execution task from MarketIntel logged.
âœ… Execution task from MarketIntel logged.
âœ… Execution task from MarketIntel logged.
âœ… Execution task from MarketIntel logged.
âœ… Execution task from MarketIntel logged.
âœ… Execution task from MarketIntel logged.
âœ… Execution task from MarketIntel logged.
âœ… Execution task from MarketIntel logged.
âœ… Execution task from MarketIntel logged.
âœ… Execution task from MarketIntel logged.
âœ… Execution task from MarketIntel logged.
âœ… Execution task from MarketIntel logged.
âœ… Execution task from MarketIntel logged.
âœ… Execution task from MarketIntel logged.
âœ… Execution task from MarketIntel logged.
âœ… Execution task from MarketIntel logged.
âœ… Execution task from MarketIntel logged.
âœ… Execution task from MarketIntel logged.
âœ… Execution task from MarketIntel logged.
âœ… Execution task from MarketIntel logged.
âœ… Execution task from MarketIntel logged.
âœ… Execution task from MarketIntel logged.
âœ… Execution task from MarketIntel logged.
âœ… Execution task from MarketIntel logged.
âœ… Execution task from MarketIntel logged.
âœ… Execution task from MarketIntel logged.
âœ… Execution task from MarketIntel logged.
âœ… Execution task from MarketIntel logged.
âœ… Execution task from MarketIntel logged.
âœ… Execution task from MarketIntel logged.
âœ… Execution task from MarketIntel logged.
âœ… Execution task from MarketIntel logged.
âœ… Execution task from MarketIntel logged.
âœ… Execution task from MarketIntel logged.
âœ… Execution task from MarketIntel logged.
âœ… Execution task from MarketIntel logged.
âœ… Execution task from MarketIntel logged.
âœ… Execution task from MarketIntel logged.
âœ… Execution task from MarketIntel logged.
âœ… Execution task from MarketIntel logged.
âœ… Execution task from MarketIntel logged.
âœ… Execution task from MarketIntel logged.
âœ… Execution task from MarketIntel logged.
âœ… Execution task from MarketIntel logged.
âœ… Execution task from MarketIntel logged.
âœ… Execution task from MarketIntel logged.
âœ… Execution task from MarketIntel logged.
âœ… Execution task from MarketIntel logged.
âœ… Execution task from MarketIntel logged.
âœ… Execution task from MarketIntel logged.
âœ… Execution task from MarketIntel logged.
âœ… Execution task from MarketIntel logged.
âœ… Execution task from MarketIntel logged.
âœ… Execution task from MarketIntel logged.
âœ… Execution task from MarketIntel logged.
âœ… Execution task from MarketIntel logged.
âœ… Execution task from MarketIntel logged.
âœ… Execution task from MarketIntel logged.
âœ… Execution task from MarketIntel logged.
âœ… Execution task from MarketIntel logged.
âœ… Execution task from MarketIntel logged.
âœ… Execution task from MarketIntel logged.
Traceback (most recent call last):
  File "/Users/Bianca/miniconda3/lib/python3.12/site-packages/httpx/_transports/default.py", line 101, in map_httpcore_exceptions
    yield
  File "/Users/Bianca/miniconda3/lib/python3.12/site-packages/httpx/_transports/default.py", line 250, in handle_request
    resp = self._pool.handle_request(req)
           ^^^^^^^^^^^^^^^^^^^^^^^^^^^^^^
  File "/Users/Bianca/miniconda3/lib/python3.12/site-packages/httpcore/_sync/connection_pool.py", line 256, in handle_request
    raise exc from None
  File "/Users/Bianca/miniconda3/lib/python3.12/site-packages/httpcore/_sync/connection_pool.py", line 236, in handle_request
    response = connection.handle_request(
               ^^^^^^^^^^^^^^^^^^^^^^^^^^
  File "/Users/Bianca/miniconda3/lib/python3.12/site-packages/httpcore/_sync/connection.py", line 101, in handle_request
    raise exc
  File "/Users/Bianca/miniconda3/lib/python3.12/site-packages/httpcore/_sync/connection.py", line 78, in handle_request
    stream = self._connect(request)
             ^^^^^^^^^^^^^^^^^^^^^^
  File "/Users/Bianca/miniconda3/lib/python3.12/site-packages/httpcore/_sync/connection.py", line 156, in _connect
    stream = stream.start_tls(**kwargs)
             ^^^^^^^^^^^^^^^^^^^^^^^^^^
  File "/Users/Bianca/miniconda3/lib/python3.12/site-packages/httpcore/_backends/sync.py", line 154, in start_tls
    with map_exceptions(exc_map):
         ^^^^^^^^^^^^^^^^^^^^^^^
  File "/Users/Bianca/miniconda3/lib/python3.12/contextlib.py", line 158, in __exit__
    self.gen.throw(value)
  File "/Users/Bianca/miniconda3/lib/python3.12/site-packages/httpcore/_exceptions.py", line 14, in map_exceptions
    raise to_exc(exc) from exc
httpcore.ConnectTimeout: [Errno 60] Operation timed out

The above exception was the direct cause of the following exception:

Traceback (most recent call last):
  File "/Users/Bianca/miniconda3/lib/python3.12/site-packages/notion_client/client.py", line 191, in request
    response = self.client.send(request)
               ^^^^^^^^^^^^^^^^^^^^^^^^^
  File "/Users/Bianca/miniconda3/lib/python3.12/site-packages/httpx/_client.py", line 914, in send
    response = self._send_handling_auth(
               ^^^^^^^^^^^^^^^^^^^^^^^^^
  File "/Users/Bianca/miniconda3/lib/python3.12/site-packages/httpx/_client.py", line 942, in _send_handling_auth
    response = self._send_handling_redirects(
               ^^^^^^^^^^^^^^^^^^^^^^^^^^^^^^
  File "/Users/Bianca/miniconda3/lib/python3.12/site-packages/httpx/_client.py", line 979, in _send_handling_redirects
    response = self._send_single_request(request)
               ^^^^^^^^^^^^^^^^^^^^^^^^^^^^^^^^^^
  File "/Users/Bianca/miniconda3/lib/python3.12/site-packages/httpx/_client.py", line 1014, in _send_single_request
    response = transport.handle_request(request)
               ^^^^^^^^^^^^^^^^^^^^^^^^^^^^^^^^^
  File "/Users/Bianca/miniconda3/lib/python3.12/site-packages/httpx/_transports/default.py", line 249, in handle_request
    with map_httpcore_exceptions():
         ^^^^^^^^^^^^^^^^^^^^^^^^^
  File "/Users/Bianca/miniconda3/lib/python3.12/contextlib.py", line 158, in __exit__
    self.gen.throw(value)
  File "/Users/Bianca/miniconda3/lib/python3.12/site-packages/httpx/_transports/default.py", line 118, in map_httpcore_exceptions
    raise mapped_exc(message) from exc
httpx.ConnectTimeout: [Errno 60] Operation timed out

During handling of the above exception, another exception occurred:

Traceback (most recent call last):
  File "/Users/Bianca/Downloads/HealthChainBot_Desktop/core/execution_agent.py", line 74, in <module>
    log_execution_task("MarketIntel", "Generated summary for Sintra.ai and LeanAI")
  File "/Users/Bianca/Downloads/HealthChainBot_Desktop/core/execution_agent.py", line 41, in log_execution_task
    response = notion.pages.create(
               ^^^^^^^^^^^^^^^^^^^^
  File "/Users/Bianca/miniconda3/lib/python3.12/site-packages/notion_client/api_endpoints.py", line 208, in create
    return self.parent.request(
           ^^^^^^^^^^^^^^^^^^^^
  File "/Users/Bianca/miniconda3/lib/python3.12/site-packages/notion_client/client.py", line 193, in request
    raise RequestTimeoutError()
notion_client.errors.RequestTimeoutError: Request to Notion API has timed out
âœ… Execution task from MarketIntel logged.
âœ… Execution task from MarketIntel logged.
âœ… Execution task from MarketIntel logged.
âœ… Execution task from MarketIntel logged.
âœ… Execution task from MarketIntel logged.
âœ… Execution task from MarketIntel logged.
âœ… Execution task from MarketIntel logged.
âœ… Execution task from MarketIntel logged.
âœ… Execution task from MarketIntel logged.
âœ… Execution task from MarketIntel logged.
âœ… Execution task from MarketIntel logged.
âœ… Execution task from MarketIntel logged.
âœ… Execution task from MarketIntel logged.
âœ… Execution task from MarketIntel logged.
âœ… Execution task from MarketIntel logged.
âœ… Execution task from MarketIntel logged.
âœ… Execution task from MarketIntel logged.
âœ… Execution task from MarketIntel logged.
âœ… Execution task from MarketIntel logged.
âœ… Execution task from MarketIntel logged.
âœ… Execution task from MarketIntel logged.
âœ… Execution task from MarketIntel logged.
âœ… Execution task from MarketIntel logged.
âœ… Execution task from MarketIntel logged.
âœ… Execution task from MarketIntel logged.
âœ… Execution task from MarketIntel logged.
âœ… Execution task from MarketIntel logged.
âœ… Execution task from MarketIntel logged.
âœ… Execution task from MarketIntel logged.
âœ… Execution task from MarketIntel logged.
âœ… Execution task from MarketIntel logged.
âœ… Execution task from MarketIntel logged.
âœ… Execution task from MarketIntel logged.
âœ… Execution task from MarketIntel logged.
âœ… Execution task from MarketIntel logged.
âœ… Execution task from MarketIntel logged.
âœ… Execution task from MarketIntel logged.
âœ… Execution task from MarketIntel logged.
âœ… Execution task from MarketIntel logged.
âœ… Execution task from MarketIntel logged.
âœ… Execution task from MarketIntel logged.
âœ… Execution task from MarketIntel logged.
âœ… Execution task from MarketIntel logged.
âœ… Execution task from MarketIntel logged.
âœ… Execution task from MarketIntel logged.
âœ… Execution task from MarketIntel logged.
âœ… Execution task from MarketIntel logged.
âœ… Execution task from MarketIntel logged.
âœ… Execution task from MarketIntel logged.
âœ… Execution task from MarketIntel logged.
âœ… Execution task from MarketIntel logged.
âœ… Execution task from MarketIntel logged.
âœ… Execution task from MarketIntel logged.
âœ… Execution task from MarketIntel logged.
âœ… Execution task from MarketIntel logged.
âœ… Execution task from MarketIntel logged.
âœ… Execution task from MarketIntel logged.
âœ… Execution task from MarketIntel logged.
âœ… Execution task from MarketIntel logged.
âœ… Execution task from MarketIntel logged.
âœ… Execution task from MarketIntel logged.
âœ… Execution task from MarketIntel logged.
âœ… Execution task from MarketIntel logged.
âœ… Execution task from MarketIntel logged.
âœ… Execution task from MarketIntel logged.
âœ… Execution task from MarketIntel logged.
âœ… Execution task from MarketIntel logged.
âœ… Execution task from MarketIntel logged.
âœ… Execution task from MarketIntel logged.
âœ… Execution task from MarketIntel logged.
âœ… Execution task from MarketIntel logged.
âœ… Execution task from MarketIntel logged.
âœ… Execution task from MarketIntel logged.
âœ… Execution task from MarketIntel logged.
âœ… Execution task from MarketIntel logged.
âœ… Execution task from MarketIntel logged.
âœ… Execution task from MarketIntel logged.
âœ… Execution task from MarketIntel logged.
âœ… Execution task from MarketIntel logged.
âœ… Execution task from MarketIntel logged.
âœ… Execution task from MarketIntel logged.
âœ… Execution task from MarketIntel logged.
âœ… Execution task from MarketIntel logged.
âœ… Execution task from MarketIntel logged.
âœ… Execution task from MarketIntel logged.
âœ… Execution task from MarketIntel logged.
âœ… Execution task from MarketIntel logged.
âœ… Execution task from MarketIntel logged.
âœ… Execution task from MarketIntel logged.
âœ… Execution task from MarketIntel logged.
âœ… Execution task from MarketIntel logged.
âœ… Execution task from MarketIntel logged.
âœ… Execution task from MarketIntel logged.
âœ… Execution task from MarketIntel logged.
âœ… Execution task from MarketIntel logged.
âœ… Execution task from MarketIntel logged.
âœ… Execution task from MarketIntel logged.
âœ… Execution task from MarketIntel logged.
âœ… Execution task from MarketIntel logged.
âœ… Execution task from MarketIntel logged.
âœ… Execution task from MarketIntel logged.
âœ… Execution task from MarketIntel logged.
âœ… Execution task from MarketIntel logged.
âœ… Execution task from MarketIntel logged.
âœ… Execution task from MarketIntel logged.
âœ… Execution task from MarketIntel logged.
âœ… Execution task from MarketIntel logged.
âœ… Execution task from MarketIntel logged.
âœ… Execution task from MarketIntel logged.
âœ… Execution task from MarketIntel logged.
âœ… Execution task from MarketIntel logged.
âœ… Execution task from MarketIntel logged.
âœ… Execution task from MarketIntel logged.
âœ… Execution task from MarketIntel logged.
âœ… Execution task from MarketIntel logged.
âœ… Execution task from MarketIntel logged.
âœ… Execution task from MarketIntel logged.
âœ… Execution task from MarketIntel logged.
âœ… Execution task from MarketIntel logged.
âœ… Execution task from MarketIntel logged.
âœ… Execution task from MarketIntel logged.
âœ… Execution task from MarketIntel logged.
âœ… Execution task from MarketIntel logged.
âœ… Execution task from MarketIntel logged.
âœ… Execution task from MarketIntel logged.
âœ… Execution task from MarketIntel logged.
âœ… Execution task from MarketIntel logged.
âœ… Execution task from MarketIntel logged.
âœ… Execution task from MarketIntel logged.
âœ… Execution task from MarketIntel logged.
âœ… Execution task from MarketIntel logged.
âœ… Execution task from MarketIntel logged.
âœ… Execution task from MarketIntel logged.
âœ… Execution task from MarketIntel logged.
âœ… Execution task from MarketIntel logged.
âœ… Execution task from MarketIntel logged.
âœ… Execution task from MarketIntel logged.
âœ… Execution task from MarketIntel logged.
âœ… Execution task from MarketIntel logged.
âœ… Execution task from MarketIntel logged.
âœ… Execution task from MarketIntel logged.
âœ… Execution task from MarketIntel logged.
âœ… Execution task from MarketIntel logged.
âœ… Execution task from MarketIntel logged.
âœ… Execution task from MarketIntel logged.
âœ… Execution task from MarketIntel logged.
âœ… Execution task from MarketIntel logged.
âœ… Execution task from MarketIntel logged.
âœ… Execution task from MarketIntel logged.
âœ… Execution task from MarketIntel logged.
âœ… Execution task from MarketIntel logged.
âœ… Execution task from MarketIntel logged.
âœ… Execution task from MarketIntel logged.
âœ… Execution task from MarketIntel logged.
âœ… Execution task from MarketIntel logged.
âœ… Execution task from MarketIntel logged.
âœ… Execution task from MarketIntel logged.
âœ… Execution task from MarketIntel logged.
âœ… Execution task from MarketIntel logged.
âœ… Execution task from MarketIntel logged.
âœ… Execution task from MarketIntel logged.
âœ… Execution task from MarketIntel logged.
âœ… Execution task from MarketIntel logged.
âœ… Execution task from MarketIntel logged.
âœ… Execution task from MarketIntel logged.
âœ… Execution task from MarketIntel logged.
âœ… Execution task from MarketIntel logged.
âœ… Execution task from MarketIntel logged.
âœ… Execution task from MarketIntel logged.
âœ… Execution task from MarketIntel logged.
âœ… Execution task from MarketIntel logged.
âœ… Execution task from MarketIntel logged.
âœ… Execution task from MarketIntel logged.
âœ… Execution task from MarketIntel logged.
âœ… Execution task from MarketIntel logged.
âœ… Execution task from MarketIntel logged.
âœ… Execution task from MarketIntel logged.
âœ… Execution task from MarketIntel logged.
âœ… Execution task from MarketIntel logged.
âœ… Execution task from MarketIntel logged.
âœ… Execution task from MarketIntel logged.
âœ… Execution task from MarketIntel logged.
âœ… Execution task from MarketIntel logged.
âœ… Execution task from MarketIntel logged.
âœ… Execution task from MarketIntel logged.
âœ… Execution task from MarketIntel logged.
âœ… Execution task from MarketIntel logged.
âœ… Execution task from MarketIntel logged.
âœ… Execution task from MarketIntel logged.
âœ… Execution task from MarketIntel logged.
âœ… Execution task from MarketIntel logged.
âœ… Execution task from MarketIntel logged.
âœ… Execution task from MarketIntel logged.
âœ… Execution task from MarketIntel logged.
âœ… Execution task from MarketIntel logged.
âœ… Execution task from MarketIntel logged.
âœ… Execution task from MarketIntel logged.
âœ… Execution task from MarketIntel logged.
âœ… Execution task from MarketIntel logged.
âœ… Execution task from MarketIntel logged.
âœ… Execution task from MarketIntel logged.
âœ… Execution task from MarketIntel logged.
âœ… Execution task from MarketIntel logged.
âœ… Execution task from MarketIntel logged.
âœ… Execution task from MarketIntel logged.
âœ… Execution task from MarketIntel logged.
âœ… Execution task from MarketIntel logged.
âœ… Execution task from MarketIntel logged.
âœ… Execution task from MarketIntel logged.
âœ… Execution task from MarketIntel logged.
âœ… Execution task from MarketIntel logged.
âœ… Execution task from MarketIntel logged.
âœ… Execution task from MarketIntel logged.
âœ… Execution task from MarketIntel logged.
âœ… Execution task from MarketIntel logged.
âœ… Execution task from MarketIntel logged.
âœ… Execution task from MarketIntel logged.
âœ… Execution task from MarketIntel logged.
âœ… Execution task from MarketIntel logged.
âœ… Execution task from MarketIntel logged.
âœ… Execution task from MarketIntel logged.
âœ… Execution task from MarketIntel logged.
âœ… Execution task from MarketIntel logged.
âœ… Execution task from MarketIntel logged.
âœ… Execution task from MarketIntel logged.
âœ… Execution task from MarketIntel logged.
âœ… Execution task from MarketIntel logged.
âœ… Execution task from MarketIntel logged.
âœ… Execution task from MarketIntel logged.
âœ… Execution task from MarketIntel logged.
âœ… Execution task from MarketIntel logged.
âœ… Execution task from MarketIntel logged.
âœ… Execution task from MarketIntel logged.
âœ… Execution task from MarketIntel logged.
âœ… Execution task from MarketIntel logged.
âœ… Execution task from MarketIntel logged.
âœ… Execution task from MarketIntel logged.
âœ… Execution task from MarketIntel logged.
âœ… Execution task from MarketIntel logged.
âœ… Execution task from MarketIntel logged.
âœ… Execution task from MarketIntel logged.
âœ… Execution task from MarketIntel logged.
âœ… Execution task from MarketIntel logged.
âœ… Execution task from MarketIntel logged.
âœ… Execution task from MarketIntel logged.
âœ… Execution task from MarketIntel logged.
âœ… Execution task from MarketIntel logged.
âœ… Execution task from MarketIntel logged.
âœ… Execution task from MarketIntel logged.
âœ… Execution task from MarketIntel logged.
âœ… Execution task from MarketIntel logged.
âœ… Execution task from MarketIntel logged.
âœ… Execution task from MarketIntel logged.
âœ… Execution task from MarketIntel logged.
âœ… Execution task from MarketIntel logged.
âœ… Execution task from MarketIntel logged.
âœ… Execution task from MarketIntel logged.
âœ… Execution task from MarketIntel logged.
âœ… Execution task from MarketIntel logged.
âœ… Execution task from MarketIntel logged.
âœ… Execution task from MarketIntel logged.
âœ… Execution task from MarketIntel logged.
âœ… Execution task from MarketIntel logged.
âœ… Execution task from MarketIntel logged.
âœ… Execution task from MarketIntel logged.
âœ… Execution task from MarketIntel logged.
âœ… Execution task from MarketIntel logged.
âœ… Execution task from MarketIntel logged.
âœ… Execution task from MarketIntel logged.
âœ… Execution task from MarketIntel logged.
âœ… Execution task from MarketIntel logged.
âœ… Execution task from MarketIntel logged.
âœ… Execution task from MarketIntel logged.
âœ… Execution task from MarketIntel logged.
âœ… Execution task from MarketIntel logged.
âœ… Execution task from MarketIntel logged.
âœ… Execution task from MarketIntel logged.
âœ… Execution task from MarketIntel logged.
âœ… Execution task from MarketIntel logged.
âœ… Execution task from MarketIntel logged.
âœ… Execution task from MarketIntel logged.
âœ… Execution task from MarketIntel logged.
âœ… Execution task from MarketIntel logged.
âœ… Execution task from MarketIntel logged.
âœ… Execution task from MarketIntel logged.
âœ… Execution task from MarketIntel logged.
âœ… Execution task from MarketIntel logged.
âœ… Execution task from MarketIntel logged.
âœ… Execution task from MarketIntel logged.
âœ… Execution task from MarketIntel logged.
âœ… Execution task from MarketIntel logged.
âœ… Execution task from MarketIntel logged.
âœ… Execution task from MarketIntel logged.
âœ… Execution task from MarketIntel logged.
âœ… Execution task from MarketIntel logged.
âœ… Execution task from MarketIntel logged.
âœ… Execution task from MarketIntel logged.
âœ… Execution task from MarketIntel logged.
âœ… Execution task from MarketIntel logged.
âœ… Execution task from MarketIntel logged.
âœ… Execution task from MarketIntel logged.
âœ… Execution task from MarketIntel logged.
âœ… Execution task from MarketIntel logged.
âœ… Execution task from MarketIntel logged.
âœ… Execution task from MarketIntel logged.
âœ… Execution task from MarketIntel logged.
âœ… Execution task from MarketIntel logged.
âœ… Execution task from MarketIntel logged.
âœ… Execution task from MarketIntel logged.
âœ… Execution task from MarketIntel logged.
âœ… Execution task from MarketIntel logged.
âœ… Execution task from MarketIntel logged.
âœ… Execution task from MarketIntel logged.
âœ… Execution task from MarketIntel logged.
âœ… Execution task from MarketIntel logged.
âœ… Execution task from MarketIntel logged.
âœ… Execution task from MarketIntel logged.
âœ… Execution task from MarketIntel logged.
âœ… Execution task from MarketIntel logged.
âœ… Execution task from MarketIntel logged.
âœ… Execution task from MarketIntel logged.
âœ… Execution task from MarketIntel logged.
âœ… Execution task from MarketIntel logged.
âœ… Execution task from MarketIntel logged.
âœ… Execution task from MarketIntel logged.
âœ… Execution task from MarketIntel logged.
âœ… Execution task from MarketIntel logged.
âœ… Execution task from MarketIntel logged.
âœ… Execution task from MarketIntel logged.
âœ… Execution task from MarketIntel logged.
âœ… Execution task from MarketIntel logged.
âœ… Execution task from MarketIntel logged.
âœ… Execution task from MarketIntel logged.
âœ… Execution task from MarketIntel logged.
âœ… Execution task from MarketIntel logged.
âœ… Execution task from MarketIntel logged.
âœ… Execution task from MarketIntel logged.
âœ… Execution task from MarketIntel logged.
âœ… Execution task from MarketIntel logged.
âœ… Execution task from MarketIntel logged.
âœ… Execution task from MarketIntel logged.
âœ… Execution task from MarketIntel logged.
âœ… Execution task from MarketIntel logged.
âœ… Execution task from MarketIntel logged.
âœ… Execution task from MarketIntel logged.
âœ… Execution task from MarketIntel logged.
âœ… Execution task from MarketIntel logged.
âœ… Execution task from MarketIntel logged.
âœ… Execution task from MarketIntel logged.
âœ… Execution task from MarketIntel logged.
âœ… Execution task from MarketIntel logged.
âœ… Execution task from MarketIntel logged.
âœ… Execution task from MarketIntel logged.
âœ… Execution task from MarketIntel logged.
âœ… Execution task from MarketIntel logged.
âœ… Execution task from MarketIntel logged.
âœ… Execution task from MarketIntel logged.
âœ… Execution task from MarketIntel logged.
âœ… Execution task from MarketIntel logged.
âœ… Execution task from MarketIntel logged.
âœ… Execution task from MarketIntel logged.
âœ… Execution task from MarketIntel logged.
âœ… Execution task from MarketIntel logged.
âœ… Execution task from MarketIntel logged.
âœ… Execution task from MarketIntel logged.
âœ… Execution task from MarketIntel logged.
âœ… Execution task from MarketIntel logged.
âœ… Execution task from MarketIntel logged.
âœ… Execution task from MarketIntel logged.
âœ… Execution task from MarketIntel logged.
âœ… Execution task from MarketIntel logged.
âœ… Execution task from MarketIntel logged.
âœ… Execution task from MarketIntel logged.
âœ… Execution task from MarketIntel logged.
âœ… Execution task from MarketIntel logged.
âœ… Execution task from MarketIntel logged.
âœ… Execution task from MarketIntel logged.
âœ… Execution task from MarketIntel logged.
âœ… Execution task from MarketIntel logged.
âœ… Execution task from MarketIntel logged.
âœ… Execution task from MarketIntel logged.
âœ… Execution task from MarketIntel logged.
âœ… Execution task from MarketIntel logged.
âœ… Execution task from MarketIntel logged.
âœ… Execution task from MarketIntel logged.
âœ… Execution task from MarketIntel logged.
âœ… Execution task from MarketIntel logged.
âœ… Execution task from MarketIntel logged.
âœ… Execution task from MarketIntel logged.
âœ… Execution task from MarketIntel logged.
âœ… Execution task from MarketIntel logged.
âœ… Execution task from MarketIntel logged.
âœ… Execution task from MarketIntel logged.
âœ… Execution task from MarketIntel logged.
âœ… Execution task from MarketIntel logged.
âœ… Execution task from MarketIntel logged.
âœ… Execution task from MarketIntel logged.
âœ… Execution task from MarketIntel logged.
âœ… Execution task from MarketIntel logged.
âœ… Execution task from MarketIntel logged.
âœ… Execution task from MarketIntel logged.
âœ… Execution task from MarketIntel logged.
âœ… Execution task from MarketIntel logged.
âœ… Execution task from MarketIntel logged.
âœ… Execution task from MarketIntel logged.
âœ… Execution task from MarketIntel logged.
âœ… Execution task from MarketIntel logged.
âœ… Execution task from MarketIntel logged.
âœ… Execution task from MarketIntel logged.
âœ… Execution task from MarketIntel logged.
âœ… Execution task from MarketIntel logged.
âœ… Execution task from MarketIntel logged.
âœ… Execution task from MarketIntel logged.
âœ… Execution task from MarketIntel logged.
âœ… Execution task from MarketIntel logged.
âœ… Execution task from MarketIntel logged.
âœ… Execution task from MarketIntel logged.
âœ… Execution task from MarketIntel logged.
âœ… Execution task from MarketIntel logged.
âœ… Execution task from MarketIntel logged.
âœ… Execution task from MarketIntel logged.
âœ… Execution task from MarketIntel logged.
âœ… Execution task from MarketIntel logged.
âœ… Execution task from MarketIntel logged.
âœ… Execution task from MarketIntel logged.
âœ… Execution task from MarketIntel logged.
âœ… Execution task from MarketIntel logged.
âœ… Execution task from MarketIntel logged.
âœ… Execution task from MarketIntel logged.
âœ… Execution task from MarketIntel logged.
âœ… Execution task from MarketIntel logged.
âœ… Execution task from MarketIntel logged.
âœ… Execution task from MarketIntel logged.
âœ… Execution task from MarketIntel logged.
âœ… Execution task from MarketIntel logged.
âœ… Execution task from MarketIntel logged.
âœ… Execution task from MarketIntel logged.
âœ… Execution task from MarketIntel logged.
âœ… Execution task from MarketIntel logged.
âœ… Execution task from MarketIntel logged.
âœ… Execution task from MarketIntel logged.
âœ… Execution task from MarketIntel logged.
âœ… Execution task from MarketIntel logged.
âœ… Execution task from MarketIntel logged.
âœ… Execution task from MarketIntel logged.
âœ… Execution task from MarketIntel logged.
âœ… Execution task from MarketIntel logged.
âœ… Execution task from MarketIntel logged.
âœ… Execution task from MarketIntel logged.
âœ… Execution task from MarketIntel logged.
âœ… Execution task from MarketIntel logged.
âœ… Execution task from MarketIntel logged.
âœ… Execution task from MarketIntel logged.
âœ… Execution task from MarketIntel logged.
âœ… Execution task from MarketIntel logged.
âœ… Execution task from MarketIntel logged.
âœ… Execution task from MarketIntel logged.
âœ… Execution task from MarketIntel logged.
âœ… Execution task from MarketIntel logged.
âœ… Execution task from MarketIntel logged.
âœ… Execution task from MarketIntel logged.
âœ… Execution task from MarketIntel logged.
âœ… Execution task from MarketIntel logged.
âœ… Execution task from MarketIntel logged.
âœ… Execution task from MarketIntel logged.
âœ… Execution task from MarketIntel logged.
âœ… Execution task from MarketIntel logged.
âœ… Execution task from MarketIntel logged.
âœ… Execution task from MarketIntel logged.
âœ… Execution task from MarketIntel logged.
âœ… Execution task from MarketIntel logged.
âœ… Execution task from MarketIntel logged.
âœ… Execution task from MarketIntel logged.
âœ… Execution task from MarketIntel logged.
âœ… Execution task from MarketIntel logged.
âœ… Execution task from MarketIntel logged.
âœ… Execution task from MarketIntel logged.
âœ… Execution task from MarketIntel logged.
âœ… Execution task from MarketIntel logged.
âœ… Execution task from MarketIntel logged.
âœ… Execution task from MarketIntel logged.
âœ… Execution task from MarketIntel logged.
âœ… Execution task from MarketIntel logged.
âœ… Execution task from MarketIntel logged.
âœ… Execution task from MarketIntel logged.
âœ… Execution task from MarketIntel logged.
âœ… Execution task from MarketIntel logged.
âœ… Execution task from MarketIntel logged.
âœ… Execution task from MarketIntel logged.
âœ… Execution task from MarketIntel logged.
âœ… Execution task from MarketIntel logged.
âœ… Execution task from MarketIntel logged.
âœ… Execution task from MarketIntel logged.
âœ… Execution task from MarketIntel logged.
âœ… Execution task from MarketIntel logged.
âœ… Execution task from MarketIntel logged.
âœ… Execution task from MarketIntel logged.
âœ… Execution task from MarketIntel logged.
âœ… Execution task from MarketIntel logged.
âœ… Execution task from MarketIntel logged.
âœ… Execution task from MarketIntel logged.
âœ… Execution task from MarketIntel logged.
âœ… Execution task from MarketIntel logged.
âœ… Execution task from MarketIntel logged.
âœ… Execution task from MarketIntel logged.
âœ… Execution task from MarketIntel logged.
âœ… Execution task from MarketIntel logged.
âœ… Execution task from MarketIntel logged.
âœ… Execution task from MarketIntel logged.
âœ… Execution task from MarketIntel logged.
âœ… Execution task from MarketIntel logged.
âœ… Execution task from MarketIntel logged.
âœ… Execution task from MarketIntel logged.
âœ… Execution task from MarketIntel logged.
âœ… Execution task from MarketIntel logged.
âœ… Execution task from MarketIntel logged.
âœ… Execution task from MarketIntel logged.
âœ… Execution task from MarketIntel logged.
âœ… Execution task from MarketIntel logged.
âœ… Execution task from MarketIntel logged.
âœ… Execution task from MarketIntel logged.
âœ… Execution task from MarketIntel logged.
âœ… Execution task from MarketIntel logged.
âœ… Execution task from MarketIntel logged.
âœ… Execution task from MarketIntel logged.
âœ… Execution task from MarketIntel logged.
âœ… Execution task from MarketIntel logged.
âœ… Execution task from MarketIntel logged.
âœ… Execution task from MarketIntel logged.
âœ… Execution task from MarketIntel logged.
âœ… Execution task from MarketIntel logged.
âœ… Execution task from MarketIntel logged.
âœ… Execution task from MarketIntel logged.
âœ… Execution task from MarketIntel logged.
âœ… Execution task from MarketIntel logged.
âœ… Execution task from MarketIntel logged.
âœ… Execution task from MarketIntel logged.
âœ… Execution task from MarketIntel logged.
âœ… Execution task from MarketIntel logged.
âœ… Execution task from MarketIntel logged.
âœ… Execution task from MarketIntel logged.
âœ… Execution task from MarketIntel logged.
âœ… Execution task from MarketIntel logged.
âœ… Execution task from MarketIntel logged.
âœ… Execution task from MarketIntel logged.
âœ… Execution task from MarketIntel logged.
âœ… Execution task from MarketIntel logged.
âœ… Execution task from MarketIntel logged.
âœ… Execution task from MarketIntel logged.
âœ… Execution task from MarketIntel logged.
âœ… Execution task from MarketIntel logged.
âœ… Execution task from MarketIntel logged.
âœ… Execution task from MarketIntel logged.
âœ… Execution task from MarketIntel logged.
âœ… Execution task from MarketIntel logged.
âœ… Execution task from MarketIntel logged.
âœ… Execution task from MarketIntel logged.
âœ… Execution task from MarketIntel logged.
âœ… Execution task from MarketIntel logged.
âœ… Execution task from MarketIntel logged.
âœ… Execution task from MarketIntel logged.
âœ… Execution task from MarketIntel logged.
âœ… Execution task from MarketIntel logged.
âœ… Execution task from MarketIntel logged.
âœ… Execution task from MarketIntel logged.
âœ… Execution task from MarketIntel logged.
âœ… Execution task from MarketIntel logged.
âœ… Execution task from MarketIntel logged.
âœ… Execution task from MarketIntel logged.
âœ… Execution task from MarketIntel logged.
âœ… Execution task from MarketIntel logged.
âœ… Execution task from MarketIntel logged.
âœ… Execution task from MarketIntel logged.
âœ… Execution task from MarketIntel logged.
âœ… Execution task from MarketIntel logged.
âœ… Execution task from MarketIntel logged.
âœ… Execution task from MarketIntel logged.
âœ… Execution task from MarketIntel logged.
âœ… Execution task from MarketIntel logged.
âœ… Execution task from MarketIntel logged.
âœ… Execution task from MarketIntel logged.
âœ… Execution task from MarketIntel logged.
âœ… Execution task from MarketIntel logged.
âœ… Execution task from MarketIntel logged.
âœ… Execution task from MarketIntel logged.
âœ… Execution task from MarketIntel logged.
âœ… Execution task from MarketIntel logged.
âœ… Execution task from MarketIntel logged.
âœ… Execution task from MarketIntel logged.
âœ… Execution task from MarketIntel logged.
âœ… Execution task from MarketIntel logged.
âœ… Execution task from MarketIntel logged.
âœ… Execution task from MarketIntel logged.
âœ… Execution task from MarketIntel logged.
âœ… Execution task from MarketIntel logged.
âœ… Execution task from MarketIntel logged.
âœ… Execution task from MarketIntel logged.
âœ… Execution task from MarketIntel logged.
âœ… Execution task from MarketIntel logged.
âœ… Execution task from MarketIntel logged.
âœ… Execution task from MarketIntel logged.
âœ… Execution task from MarketIntel logged.
âœ… Execution task from MarketIntel logged.
âœ… Execution task from MarketIntel logged.
âœ… Execution task from MarketIntel logged.
âœ… Execution task from MarketIntel logged.
âœ… Execution task from MarketIntel logged.
âœ… Execution task from MarketIntel logged.
âœ… Execution task from MarketIntel logged.
âœ… Execution task from MarketIntel logged.
âœ… Execution task from MarketIntel logged.
âœ… Execution task from MarketIntel logged.
âœ… Execution task from MarketIntel logged.
âœ… Execution task from MarketIntel logged.
âœ… Execution task from MarketIntel logged.
âœ… Execution task from MarketIntel logged.
âœ… Execution task from MarketIntel logged.
âœ… Execution task from MarketIntel logged.
âœ… Execution task from MarketIntel logged.
âœ… Execution task from MarketIntel logged.
âœ… Execution task from MarketIntel logged.
âœ… Execution task from MarketIntel logged.
âœ… Execution task from MarketIntel logged.
âœ… Execution task from MarketIntel logged.
âœ… Execution task from MarketIntel logged.
âœ… Execution task from MarketIntel logged.
âœ… Execution task from MarketIntel logged.
âœ… Execution task from MarketIntel logged.
âœ… Execution task from MarketIntel logged.
âœ… Execution task from MarketIntel logged.
âœ… Execution task from MarketIntel logged.
âœ… Execution task from MarketIntel logged.
âœ… Execution task from MarketIntel logged.
âœ… Execution task from MarketIntel logged.
âœ… Execution task from MarketIntel logged.
âœ… Execution task from MarketIntel logged.
âœ… Execution task from MarketIntel logged.
âœ… Execution task from MarketIntel logged.
âœ… Execution task from MarketIntel logged.
âœ… Execution task from MarketIntel logged.
âœ… Execution task from MarketIntel logged.
âœ… Execution task from MarketIntel logged.
âœ… Execution task from MarketIntel logged.
âœ… Execution task from MarketIntel logged.
âœ… Execution task from MarketIntel logged.
âœ… Execution task from MarketIntel logged.
âœ… Execution task from MarketIntel logged.
âœ… Execution task from MarketIntel logged.
âœ… Execution task from MarketIntel logged.
âœ… Execution task from MarketIntel logged.
âœ… Execution task from MarketIntel logged.
âœ… Execution task from MarketIntel logged.
âœ… Execution task from MarketIntel logged.
âœ… Execution task from MarketIntel logged.
âœ… Execution task from MarketIntel logged.
âœ… Execution task from MarketIntel logged.
âœ… Execution task from MarketIntel logged.
âœ… Execution task from MarketIntel logged.
âœ… Execution task from MarketIntel logged.
âœ… Execution task from MarketIntel logged.
âœ… Execution task from MarketIntel logged.
âœ… Execution task from MarketIntel logged.
âœ… Execution task from MarketIntel logged.
âœ… Execution task from MarketIntel logged.
âœ… Execution task from MarketIntel logged.
âœ… Execution task from MarketIntel logged.
âœ… Execution task from MarketIntel logged.
âœ… Execution task from MarketIntel logged.
âœ… Execution task from MarketIntel logged.
âœ… Execution task from MarketIntel logged.
âœ… Execution task from MarketIntel logged.
âœ… Execution task from MarketIntel logged.
âœ… Execution task from MarketIntel logged.
âœ… Execution task from MarketIntel logged.
âœ… Execution task from MarketIntel logged.
âœ… Execution task from MarketIntel logged.
âœ… Execution task from MarketIntel logged.
âœ… Execution task from MarketIntel logged.
âœ… Execution task from MarketIntel logged.
âœ… Execution task from MarketIntel logged.
âœ… Execution task from MarketIntel logged.
âœ… Execution task from MarketIntel logged.
âœ… Execution task from MarketIntel logged.
âœ… Execution task from MarketIntel logged.
âœ… Execution task from MarketIntel logged.
âœ… Execution task from MarketIntel logged.
âœ… Execution task from MarketIntel logged.
âœ… Execution task from MarketIntel logged.
âœ… Execution task from MarketIntel logged.
âœ… Execution task from MarketIntel logged.
âœ… Execution task from MarketIntel logged.
âœ… Execution task from MarketIntel logged.
âœ… Execution task from MarketIntel logged.
âœ… Execution task from MarketIntel logged.
âœ… Execution task from MarketIntel logged.
âœ… Execution task from MarketIntel logged.
âœ… Execution task from MarketIntel logged.
âœ… Execution task from MarketIntel logged.
âœ… Execution task from MarketIntel logged.
âœ… Execution task from MarketIntel logged.
âœ… Execution task from MarketIntel logged.
âœ… Execution task from MarketIntel logged.
âœ… Execution task from MarketIntel logged.
âœ… Execution task from MarketIntel logged.
âœ… Execution task from MarketIntel logged.
âœ… Execution task from MarketIntel logged.
âœ… Execution task from MarketIntel logged.
âœ… Execution task from MarketIntel logged.
âœ… Execution task from MarketIntel logged.
âœ… Execution task from MarketIntel logged.
âœ… Execution task from MarketIntel logged.
âœ… Execution task from MarketIntel logged.
âœ… Execution task from MarketIntel logged.
âœ… Execution task from MarketIntel logged.
âœ… Execution task from MarketIntel logged.
âœ… Execution task from MarketIntel logged.
âœ… Execution task from MarketIntel logged.
âœ… Execution task from MarketIntel logged.
âœ… Execution task from MarketIntel logged.
âœ… Execution task from MarketIntel logged.
âœ… Execution task from MarketIntel logged.
âœ… Execution task from MarketIntel logged.
âœ… Execution task from MarketIntel logged.
âœ… Execution task from MarketIntel logged.
âœ… Execution task from MarketIntel logged.
âœ… Execution task from MarketIntel logged.
âœ… Execution task from MarketIntel logged.
âœ… Execution task from MarketIntel logged.
âœ… Execution task from MarketIntel logged.
âœ… Execution task from MarketIntel logged.
âœ… Execution task from MarketIntel logged.
âœ… Execution task from MarketIntel logged.
âœ… Execution task from MarketIntel logged.
âœ… Execution task from MarketIntel logged.
âœ… Execution task from MarketIntel logged.
âœ… Execution task from MarketIntel logged.
âœ… Execution task from MarketIntel logged.
âœ… Execution task from MarketIntel logged.
âœ… Execution task from MarketIntel logged.
âœ… Execution task from MarketIntel logged.
âœ… Execution task from MarketIntel logged.
âœ… Execution task from MarketIntel logged.
âœ… Execution task from MarketIntel logged.
âœ… Execution task from MarketIntel logged.
âœ… Execution task from MarketIntel logged.
âœ… Execution task from MarketIntel logged.
âœ… Execution task from MarketIntel logged.
âœ… Execution task from MarketIntel logged.
âœ… Execution task from MarketIntel logged.
âœ… Execution task from MarketIntel logged.
âœ… Execution task from MarketIntel logged.
âœ… Execution task from MarketIntel logged.
âœ… Execution task from MarketIntel logged.
âœ… Execution task from MarketIntel logged.
âœ… Execution task from MarketIntel logged.
âœ… Execution task from MarketIntel logged.
âœ… Execution task from MarketIntel logged.
âœ… Execution task from MarketIntel logged.
âœ… Execution task from MarketIntel logged.
âœ… Execution task from MarketIntel logged.
âœ… Execution task from MarketIntel logged.
âœ… Execution task from MarketIntel logged.
âœ… Execution task from MarketIntel logged.
âœ… Execution task from MarketIntel logged.
âœ… Execution task from MarketIntel logged.
âœ… Execution task from MarketIntel logged.
âœ… Execution task from MarketIntel logged.
âœ… Execution task from MarketIntel logged.
âœ… Execution task from MarketIntel logged.
âœ… Execution task from MarketIntel logged.
âœ… Execution task from MarketIntel logged.
âœ… Execution task from MarketIntel logged.
âœ… Execution task from MarketIntel logged.
âœ… Execution task from MarketIntel logged.
âœ… Execution task from MarketIntel logged.
âœ… Execution task from MarketIntel logged.
âœ… Execution task from MarketIntel logged.
âœ… Execution task from MarketIntel logged.
âœ… Execution task from MarketIntel logged.
âœ… Execution task from MarketIntel logged.
âœ… Execution task from MarketIntel logged.
âœ… Execution task from MarketIntel logged.
âœ… Execution task from MarketIntel logged.
âœ… Execution task from MarketIntel logged.
âœ… Execution task from MarketIntel logged.
âœ… Execution task from MarketIntel logged.
âœ… Execution task from MarketIntel logged.
âœ… Execution task from MarketIntel logged.
âœ… Execution task from MarketIntel logged.
âœ… Execution task from MarketIntel logged.
âœ… Execution task from MarketIntel logged.
âœ… Execution task from MarketIntel logged.
âœ… Execution task from MarketIntel logged.
âœ… Execution task from MarketIntel logged.
âœ… Execution task from MarketIntel logged.
âœ… Execution task from MarketIntel logged.
âœ… Execution task from MarketIntel logged.
âœ… Execution task from MarketIntel logged.
âœ… Execution task from MarketIntel logged.
âœ… Execution task from MarketIntel logged.
âœ… Execution task from MarketIntel logged.
âœ… Execution task from MarketIntel logged.
âœ… Execution task from MarketIntel logged.
âœ… Execution task from MarketIntel logged.
âœ… Execution task from MarketIntel logged.
âœ… Execution task from MarketIntel logged.
âœ… Execution task from MarketIntel logged.
âœ… Execution task from MarketIntel logged.
âœ… Execution task from MarketIntel logged.
âœ… Execution task from MarketIntel logged.
âœ… Execution task from MarketIntel logged.
âœ… Execution task from MarketIntel logged.
âœ… Execution task from MarketIntel logged.
âœ… Execution task from MarketIntel logged.
âœ… Execution task from MarketIntel logged.
âœ… Execution task from MarketIntel logged.
âœ… Execution task from MarketIntel logged.
âœ… Execution task from MarketIntel logged.
âœ… Execution task from MarketIntel logged.
âœ… Execution task from MarketIntel logged.
âœ… Execution task from MarketIntel logged.
âœ… Execution task from MarketIntel logged.
âœ… Execution task from MarketIntel logged.
âœ… Execution task from MarketIntel logged.
âœ… Execution task from MarketIntel logged.
âœ… Execution task from MarketIntel logged.
âœ… Execution task from MarketIntel logged.
âœ… Execution task from MarketIntel logged.
âœ… Execution task from MarketIntel logged.
âœ… Execution task from MarketIntel logged.
âœ… Execution task from MarketIntel logged.
âœ… Execution task from MarketIntel logged.
âœ… Execution task from MarketIntel logged.
âœ… Execution task from MarketIntel logged.
âœ… Execution task from MarketIntel logged.
âœ… Execution task from MarketIntel logged.
âœ… Execution task from MarketIntel logged.
âœ… Execution task from MarketIntel logged.
âœ… Execution task from MarketIntel logged.
âœ… Execution task from MarketIntel logged.
âœ… Execution task from MarketIntel logged.
âœ… Execution task from MarketIntel logged.
âœ… Execution task from MarketIntel logged.
âœ… Execution task from MarketIntel logged.
âœ… Execution task from MarketIntel logged.
âœ… Execution task from MarketIntel logged.
âœ… Execution task from MarketIntel logged.
âœ… Execution task from MarketIntel logged.
âœ… Execution task from MarketIntel logged.
âœ… Execution task from MarketIntel logged.
âœ… Execution task from MarketIntel logged.
âœ… Execution task from MarketIntel logged.
âœ… Execution task from MarketIntel logged.
âœ… Execution task from MarketIntel logged.
âœ… Execution task from MarketIntel logged.
âœ… Execution task from MarketIntel logged.
âœ… Execution task from MarketIntel logged.
âœ… Execution task from MarketIntel logged.
âœ… Execution task from MarketIntel logged.
âœ… Execution task from MarketIntel logged.
âœ… Execution task from MarketIntel logged.
âœ… Execution task from MarketIntel logged.
âœ… Execution task from MarketIntel logged.
âœ… Execution task from MarketIntel logged.
âœ… Execution task from MarketIntel logged.
âœ… Execution task from MarketIntel logged.
âœ… Execution task from MarketIntel logged.
âœ… Execution task from MarketIntel logged.
âœ… Execution task from MarketIntel logged.
âœ… Execution task from MarketIntel logged.
âœ… Execution task from MarketIntel logged.
âœ… Execution task from MarketIntel logged.
âœ… Execution task from MarketIntel logged.
âœ… Execution task from MarketIntel logged.
âœ… Execution task from MarketIntel logged.
âœ… Execution task from MarketIntel logged.
âœ… Execution task from MarketIntel logged.
âœ… Execution task from MarketIntel logged.
âœ… Execution task from MarketIntel logged.
âœ… Execution task from MarketIntel logged.
âœ… Execution task from MarketIntel logged.
âœ… Execution task from MarketIntel logged.
âœ… Execution task from MarketIntel logged.
âœ… Execution task from MarketIntel logged.
âœ… Execution task from MarketIntel logged.
âœ… Execution task from MarketIntel logged.
âœ… Execution task from MarketIntel logged.
âœ… Execution task from MarketIntel logged.
âœ… Execution task from MarketIntel logged.
âœ… Execution task from MarketIntel logged.
âœ… Execution task from MarketIntel logged.
âœ… Execution task from MarketIntel logged.
âœ… Execution task from MarketIntel logged.
âœ… Execution task from MarketIntel logged.
âœ… Execution task from MarketIntel logged.
âœ… Execution task from MarketIntel logged.
âœ… Execution task from MarketIntel logged.
âœ… Execution task from MarketIntel logged.
âœ… Execution task from MarketIntel logged.
âœ… Execution task from MarketIntel logged.
âœ… Execution task from MarketIntel logged.
âœ… Execution task from MarketIntel logged.
âœ… Execution task from MarketIntel logged.
âœ… Execution task from MarketIntel logged.
âœ… Execution task from MarketIntel logged.
âœ… Execution task from MarketIntel logged.
âœ… Execution task from MarketIntel logged.
âœ… Execution task from MarketIntel logged.
âœ… Execution task from MarketIntel logged.
âœ… Execution task from MarketIntel logged.
âœ… Execution task from MarketIntel logged.
âœ… Execution task from MarketIntel logged.
âœ… Execution task from MarketIntel logged.
âœ… Execution task from MarketIntel logged.
âœ… Execution task from MarketIntel logged.
âœ… Execution task from MarketIntel logged.
âœ… Execution task from MarketIntel logged.
âœ… Execution task from MarketIntel logged.
âœ… Execution task from MarketIntel logged.
âœ… Execution task from MarketIntel logged.
âœ… Execution task from MarketIntel logged.
âœ… Execution task from MarketIntel logged.
âœ… Execution task from MarketIntel logged.
âœ… Execution task from MarketIntel logged.
âœ… Execution task from MarketIntel logged.
âœ… Execution task from MarketIntel logged.
âœ… Execution task from MarketIntel logged.
âœ… Execution task from MarketIntel logged.
âœ… Execution task from MarketIntel logged.
âœ… Execution task from MarketIntel logged.
âœ… Execution task from MarketIntel logged.
âœ… Execution task from MarketIntel logged.
âœ… Execution task from MarketIntel logged.
âœ… Execution task from MarketIntel logged.
âœ… Execution task from MarketIntel logged.
âœ… Execution task from MarketIntel logged.
âœ… Execution task from MarketIntel logged.
âœ… Execution task from MarketIntel logged.
âœ… Execution task from MarketIntel logged.
âœ… Execution task from MarketIntel logged.
âœ… Execution task from MarketIntel logged.
âœ… Execution task from MarketIntel logged.
âœ… Execution task from MarketIntel logged.
âœ… Execution task from MarketIntel logged.
âœ… Execution task from MarketIntel logged.
âœ… Execution task from MarketIntel logged.
âœ… Execution task from MarketIntel logged.
âœ… Execution task from MarketIntel logged.
âœ… Execution task from MarketIntel logged.
âœ… Execution task from MarketIntel logged.
âœ… Execution task from MarketIntel logged.
âœ… Execution task from MarketIntel logged.
âœ… Execution task from MarketIntel logged.
âœ… Execution task from MarketIntel logged.
âœ… Execution task from MarketIntel logged.
âœ… Execution task from MarketIntel logged.
âœ… Execution task from MarketIntel logged.
âœ… Execution task from MarketIntel logged.
âœ… Execution task from MarketIntel logged.
âœ… Execution task from MarketIntel logged.
âœ… Execution task from MarketIntel logged.
âœ… Execution task from MarketIntel logged.
âœ… Execution task from MarketIntel logged.
âœ… Execution task from MarketIntel logged.
âœ… Execution task from MarketIntel logged.
âœ… Execution task from MarketIntel logged.
âœ… Execution task from MarketIntel logged.
âœ… Execution task from MarketIntel logged.
âœ… Execution task from MarketIntel logged.
âœ… Execution task from MarketIntel logged.
âœ… Execution task from MarketIntel logged.
âœ… Execution task from MarketIntel logged.
âœ… Execution task from MarketIntel logged.
âœ… Execution task from MarketIntel logged.
âœ… Execution task from MarketIntel logged.
âœ… Execution task from MarketIntel logged.
âœ… Execution task from MarketIntel logged.
âœ… Execution task from MarketIntel logged.
âœ… Execution task from MarketIntel logged.
âœ… Execution task from MarketIntel logged.
âœ… Execution task from MarketIntel logged.
âœ… Execution task from MarketIntel logged.
âœ… Execution task from MarketIntel logged.
âœ… Execution task from MarketIntel logged.
âœ… Execution task from MarketIntel logged.
âœ… Execution task from MarketIntel logged.
âœ… Execution task from MarketIntel logged.
âœ… Execution task from MarketIntel logged.
âœ… Execution task from MarketIntel logged.
âœ… Execution task from MarketIntel logged.
âœ… Execution task from MarketIntel logged.
âœ… Execution task from MarketIntel logged.
âœ… Execution task from MarketIntel logged.
âœ… Execution task from MarketIntel logged.
âœ… Execution task from MarketIntel logged.
âœ… Execution task from MarketIntel logged.
âœ… Execution task from MarketIntel logged.
âœ… Execution task from MarketIntel logged.
âœ… Execution task from MarketIntel logged.
âœ… Execution task from MarketIntel logged.
âœ… Execution task from MarketIntel logged.
âœ… Execution task from MarketIntel logged.
âœ… Execution task from MarketIntel logged.
âœ… Execution task from MarketIntel logged.
âœ… Execution task from MarketIntel logged.
âœ… Execution task from MarketIntel logged.
âœ… Execution task from MarketIntel logged.
âœ… Execution task from MarketIntel logged.
âœ… Execution task from MarketIntel logged.
âœ… Execution task from MarketIntel logged.
âœ… Execution task from MarketIntel logged.
âœ… Execution task from MarketIntel logged.
âœ… Execution task from MarketIntel logged.
âœ… Execution task from MarketIntel logged.
âœ… Execution task from MarketIntel logged.
âœ… Execution task from MarketIntel logged.
âœ… Execution task from MarketIntel logged.
âœ… Execution task from MarketIntel logged.
âœ… Execution task from MarketIntel logged.
âœ… Execution task from MarketIntel logged.
âœ… Execution task from MarketIntel logged.
âœ… Execution task from MarketIntel logged.
âœ… Execution task from MarketIntel logged.
âœ… Execution task from MarketIntel logged.
âœ… Execution task from MarketIntel logged.
âœ… Execution task from MarketIntel logged.
âœ… Execution task from MarketIntel logged.
âœ… Execution task from MarketIntel logged.
âœ… Execution task from MarketIntel logged.
âœ… Execution task from MarketIntel logged.
âœ… Execution task from MarketIntel logged.
âœ… Execution task from MarketIntel logged.
âœ… Execution task from MarketIntel logged.
âœ… Execution task from MarketIntel logged.
âœ… Execution task from MarketIntel logged.
